<?xml version="1.0" encoding="UTF-8"?>
<!-- Generated by org.testng.reporters.JUnitReportReporter -->
<testsuite skipped="0" hostname="EliteLinkinSoft" name="Executions.LoginExecutions" tests="1" failures="0" timestamp="06 Apr 2018 13:12:50 GMT" time="28.701" errors="0">
  <testcase name="indexEx" time="28.701" classname="Executions.LoginExecutions"/>
</testsuite> <!-- Executions.LoginExecutions -->
