<?xml version="1.0" encoding="UTF-8"?>
<!-- Generated by org.testng.reporters.JUnitReportReporter -->
<testsuite hostname="HP-PC" failures="0" tests="1" name="Executions.EditExecutions" time="136.635" errors="0" timestamp="27 Apr 2018 15:09:59 GMT" skipped="0">
  <testcase classname="Executions.EditExecutions" name="Signin" time="136.635"/>
</testsuite> <!-- Executions.EditExecutions -->
