<?xml version="1.0" encoding="UTF-8"?>
<!-- Generated by org.testng.reporters.JUnitReportReporter -->
<testsuite hostname="HP-PC" failures="0" tests="1" name="Executions.ChangePasswordExecutions" time="116.233" errors="0" timestamp="27 Apr 2018 15:53:44 GMT" skipped="0">
  <testcase classname="Executions.ChangePasswordExecutions" name="Signin" time="116.233"/>
</testsuite> <!-- Executions.ChangePasswordExecutions -->
